{"D:\\devspace\\nodeBlogOnLine\\index.js":{"path":"D:\\devspace\\nodeBlogOnLine\\index.js","s":{"1":1,"2":1,"3":1,"4":1,"5":1,"6":1,"7":1,"8":1,"9":1,"10":1,"11":1,"12":1,"13":1,"14":1,"15":1,"16":1,"17":1,"18":1,"19":1,"20":7,"21":7,"22":7,"23":7,"24":1,"25":1,"26":1,"27":1,"28":1,"29":1,"30":1,"31":1,"32":1,"33":0,"34":0},"b":{"1":[1,0]},"f":{"1":7,"2":1,"3":0},"fnMap":{"1":{"name":"(anonymous_1)","line":50,"loc":{"start":{"line":50,"column":8},"end":{"line":50,"column":33}}},"2":{"name":"(anonymous_2)","line":85,"loc":{"start":{"line":85,"column":8},"end":{"line":85,"column":38}}},"3":{"name":"(anonymous_3)","line":99,"loc":{"start":{"line":99,"column":28},"end":{"line":99,"column":39}}}},"statementMap":{"1":{"start":{"line":1,"column":0},"end":{"line":1,"column":27}},"2":{"start":{"line":2,"column":0},"end":{"line":2,"column":33}},"3":{"start":{"line":3,"column":0},"end":{"line":3,"column":41}},"4":{"start":{"line":4,"column":0},"end":{"line":4,"column":51}},"5":{"start":{"line":5,"column":0},"end":{"line":5,"column":37}},"6":{"start":{"line":6,"column":0},"end":{"line":6,"column":36}},"7":{"start":{"line":7,"column":0},"end":{"line":7,"column":33}},"8":{"start":{"line":8,"column":0},"end":{"line":8,"column":31}},"9":{"start":{"line":9,"column":0},"end":{"line":9,"column":33}},"10":{"start":{"line":10,"column":0},"end":{"line":10,"column":48}},"11":{"start":{"line":12,"column":0},"end":{"line":12,"column":20}},"12":{"start":{"line":15,"column":0},"end":{"line":15,"column":48}},"13":{"start":{"line":17,"column":0},"end":{"line":17,"column":30}},"14":{"start":{"line":20,"column":0},"end":{"line":20,"column":56}},"15":{"start":{"line":22,"column":0},"end":{"line":33,"column":4}},"16":{"start":{"line":35,"column":0},"end":{"line":35,"column":17}},"17":{"start":{"line":38,"column":0},"end":{"line":41,"column":4}},"18":{"start":{"line":44,"column":0},"end":{"line":47,"column":2}},"19":{"start":{"line":50,"column":0},"end":{"line":55,"column":3}},"20":{"start":{"line":51,"column":4},"end":{"line":51,"column":39}},"21":{"start":{"line":52,"column":4},"end":{"line":52,"column":57}},"22":{"start":{"line":53,"column":4},"end":{"line":53,"column":53}},"23":{"start":{"line":54,"column":4},"end":{"line":54,"column":11}},"24":{"start":{"line":58,"column":0},"end":{"line":68,"column":4}},"25":{"start":{"line":70,"column":0},"end":{"line":70,"column":12}},"26":{"start":{"line":72,"column":0},"end":{"line":82,"column":4}},"27":{"start":{"line":85,"column":0},"end":{"line":90,"column":3}},"28":{"start":{"line":86,"column":4},"end":{"line":88,"column":7}},"29":{"start":{"line":89,"column":4},"end":{"line":89,"column":11}},"30":{"start":{"line":93,"column":0},"end":{"line":93,"column":28}},"31":{"start":{"line":96,"column":0},"end":{"line":102,"column":1}},"32":{"start":{"line":97,"column":4},"end":{"line":97,"column":25}},"33":{"start":{"line":99,"column":4},"end":{"line":101,"column":7}},"34":{"start":{"line":100,"column":8},"end":{"line":100,"column":68}}},"branchMap":{"1":{"line":96,"type":"if","locations":[{"start":{"line":96,"column":0},"end":{"line":96,"column":0}},{"start":{"line":96,"column":0},"end":{"line":96,"column":0}}]}}},"D:\\devspace\\nodeBlogOnLine\\config\\default.js":{"path":"D:\\devspace\\nodeBlogOnLine\\config\\default.js","s":{"1":1},"b":{},"f":{},"fnMap":{},"statementMap":{"1":{"start":{"line":1,"column":0},"end":{"line":9,"column":2}}},"branchMap":{}},"D:\\devspace\\nodeBlogOnLine\\routes\\index.js":{"path":"D:\\devspace\\nodeBlogOnLine\\routes\\index.js","s":{"1":1,"2":1,"3":0,"4":1,"5":1,"6":1,"7":1,"8":1,"9":5,"10":0},"b":{"1":[0,5]},"f":{"1":1,"2":0,"3":5},"fnMap":{"1":{"name":"(anonymous_1)","line":1,"loc":{"start":{"line":1,"column":17},"end":{"line":1,"column":31}}},"2":{"name":"(anonymous_2)","line":2,"loc":{"start":{"line":2,"column":17},"end":{"line":2,"column":36}}},"3":{"name":"(anonymous_3)","line":10,"loc":{"start":{"line":10,"column":12},"end":{"line":10,"column":31}}}},"statementMap":{"1":{"start":{"line":1,"column":0},"end":{"line":15,"column":2}},"2":{"start":{"line":2,"column":4},"end":{"line":4,"column":7}},"3":{"start":{"line":3,"column":8},"end":{"line":3,"column":31}},"4":{"start":{"line":5,"column":4},"end":{"line":5,"column":44}},"5":{"start":{"line":6,"column":4},"end":{"line":6,"column":44}},"6":{"start":{"line":7,"column":4},"end":{"line":7,"column":46}},"7":{"start":{"line":8,"column":4},"end":{"line":8,"column":42}},"8":{"start":{"line":10,"column":4},"end":{"line":14,"column":7}},"9":{"start":{"line":11,"column":8},"end":{"line":13,"column":9}},"10":{"start":{"line":12,"column":12},"end":{"line":12,"column":42}}},"branchMap":{"1":{"line":11,"type":"if","locations":[{"start":{"line":11,"column":8},"end":{"line":11,"column":8}},{"start":{"line":11,"column":8},"end":{"line":11,"column":8}}]}}},"D:\\devspace\\nodeBlogOnLine\\routes\\signup.js":{"path":"D:\\devspace\\nodeBlogOnLine\\routes\\signup.js","s":{"1":1,"2":1,"3":1,"4":1,"5":1,"6":1,"7":1,"8":1,"9":2,"10":1,"11":4,"12":4,"13":4,"14":4,"15":4,"16":4,"17":4,"18":4,"19":4,"20":1,"21":3,"22":1,"23":2,"24":0,"25":2,"26":0,"27":2,"28":0,"29":2,"30":0,"31":2,"32":2,"33":2,"34":2,"35":2,"36":2,"37":2,"38":2,"39":1,"40":1,"41":1,"42":1,"43":1,"44":1,"45":1,"46":0,"47":1,"48":1},"b":{"1":[1,3],"2":[4,4],"3":[1,2],"4":[0,2],"5":[0,2],"6":[2,2],"7":[0,2],"8":[0,2],"9":[2,2],"10":[0,1]},"f":{"1":2,"2":4,"3":1,"4":1},"fnMap":{"1":{"name":"(anonymous_1)","line":12,"loc":{"start":{"line":12,"column":31},"end":{"line":12,"column":56}}},"2":{"name":"(anonymous_2)","line":18,"loc":{"start":{"line":18,"column":32},"end":{"line":18,"column":57}}},"3":{"name":"(anonymous_3)","line":70,"loc":{"start":{"line":70,"column":32},"end":{"line":70,"column":49}}},"4":{"name":"(anonymous_4)","line":80,"loc":{"start":{"line":80,"column":13},"end":{"line":80,"column":25}}}},"statementMap":{"1":{"start":{"line":1,"column":0},"end":{"line":1,"column":33}},"2":{"start":{"line":2,"column":0},"end":{"line":2,"column":30}},"3":{"start":{"line":4,"column":0},"end":{"line":4,"column":23}},"4":{"start":{"line":5,"column":0},"end":{"line":5,"column":27}},"5":{"start":{"line":6,"column":0},"end":{"line":6,"column":27}},"6":{"start":{"line":8,"column":0},"end":{"line":8,"column":43}},"7":{"start":{"line":9,"column":0},"end":{"line":9,"column":66}},"8":{"start":{"line":12,"column":0},"end":{"line":15,"column":3}},"9":{"start":{"line":14,"column":4},"end":{"line":14,"column":25}},"10":{"start":{"line":18,"column":0},"end":{"line":90,"column":3}},"11":{"start":{"line":23,"column":4},"end":{"line":23,"column":27}},"12":{"start":{"line":24,"column":4},"end":{"line":24,"column":31}},"13":{"start":{"line":25,"column":4},"end":{"line":25,"column":35}},"14":{"start":{"line":26,"column":4},"end":{"line":26,"column":29}},"15":{"start":{"line":28,"column":4},"end":{"line":28,"column":61}},"16":{"start":{"line":29,"column":4},"end":{"line":29,"column":39}},"17":{"start":{"line":30,"column":4},"end":{"line":30,"column":43}},"18":{"start":{"line":32,"column":4},"end":{"line":57,"column":5}},"19":{"start":{"line":33,"column":8},"end":{"line":35,"column":9}},"20":{"start":{"line":34,"column":12},"end":{"line":34,"column":73}},"21":{"start":{"line":36,"column":8},"end":{"line":38,"column":9}},"22":{"start":{"line":37,"column":12},"end":{"line":37,"column":67}},"23":{"start":{"line":39,"column":8},"end":{"line":41,"column":9}},"24":{"start":{"line":40,"column":12},"end":{"line":40,"column":36}},"25":{"start":{"line":42,"column":8},"end":{"line":44,"column":9}},"26":{"start":{"line":43,"column":12},"end":{"line":43,"column":77}},"27":{"start":{"line":45,"column":8},"end":{"line":47,"column":9}},"28":{"start":{"line":46,"column":12},"end":{"line":46,"column":60}},"29":{"start":{"line":48,"column":8},"end":{"line":50,"column":9}},"30":{"start":{"line":49,"column":12},"end":{"line":49,"column":72}},"31":{"start":{"line":51,"column":8},"end":{"line":51,"column":33}},"32":{"start":{"line":53,"column":8},"end":{"line":53,"column":23}},"33":{"start":{"line":54,"column":8},"end":{"line":54,"column":41}},"34":{"start":{"line":55,"column":8},"end":{"line":55,"column":38}},"35":{"start":{"line":56,"column":8},"end":{"line":56,"column":39}},"36":{"start":{"line":60,"column":4},"end":{"line":60,"column":30}},"37":{"start":{"line":62,"column":4},"end":{"line":68,"column":6}},"38":{"start":{"line":70,"column":4},"end":{"line":89,"column":7}},"39":{"start":{"line":72,"column":8},"end":{"line":72,"column":29}},"40":{"start":{"line":74,"column":8},"end":{"line":74,"column":29}},"41":{"start":{"line":75,"column":8},"end":{"line":75,"column":32}},"42":{"start":{"line":77,"column":8},"end":{"line":77,"column":64}},"43":{"start":{"line":79,"column":8},"end":{"line":79,"column":31}},"44":{"start":{"line":82,"column":8},"end":{"line":82,"column":41}},"45":{"start":{"line":84,"column":8},"end":{"line":87,"column":9}},"46":{"start":{"line":85,"column":12},"end":{"line":85,"column":62}},"47":{"start":{"line":88,"column":8},"end":{"line":88,"column":16}},"48":{"start":{"line":98,"column":0},"end":{"line":98,"column":24}}},"branchMap":{"1":{"line":33,"type":"if","locations":[{"start":{"line":33,"column":8},"end":{"line":33,"column":8}},{"start":{"line":33,"column":8},"end":{"line":33,"column":8}}]},"2":{"line":33,"type":"binary-expr","locations":[{"start":{"line":33,"column":12},"end":{"line":33,"column":28}},{"start":{"line":33,"column":32},"end":{"line":33,"column":47}}]},"3":{"line":36,"type":"if","locations":[{"start":{"line":36,"column":8},"end":{"line":36,"column":8}},{"start":{"line":36,"column":8},"end":{"line":36,"column":8}}]},"4":{"line":39,"type":"if","locations":[{"start":{"line":39,"column":8},"end":{"line":39,"column":8}},{"start":{"line":39,"column":8},"end":{"line":39,"column":8}}]},"5":{"line":42,"type":"if","locations":[{"start":{"line":42,"column":8},"end":{"line":42,"column":8}},{"start":{"line":42,"column":8},"end":{"line":42,"column":8}}]},"6":{"line":42,"type":"binary-expr","locations":[{"start":{"line":42,"column":12},"end":{"line":42,"column":31}},{"start":{"line":42,"column":35},"end":{"line":42,"column":55}}]},"7":{"line":45,"type":"if","locations":[{"start":{"line":45,"column":8},"end":{"line":45,"column":8}},{"start":{"line":45,"column":8},"end":{"line":45,"column":8}}]},"8":{"line":48,"type":"if","locations":[{"start":{"line":48,"column":8},"end":{"line":48,"column":8}},{"start":{"line":48,"column":8},"end":{"line":48,"column":8}}]},"9":{"line":48,"type":"binary-expr","locations":[{"start":{"line":48,"column":12},"end":{"line":48,"column":27}},{"start":{"line":48,"column":31},"end":{"line":48,"column":45}}]},"10":{"line":84,"type":"if","locations":[{"start":{"line":84,"column":8},"end":{"line":84,"column":8}},{"start":{"line":84,"column":8},"end":{"line":84,"column":8}}]}}},"D:\\devspace\\nodeBlogOnLine\\models\\users.js":{"path":"D:\\devspace\\nodeBlogOnLine\\models\\users.js","s":{"1":1,"2":1,"3":2,"4":0},"b":{},"f":{"1":2,"2":0},"fnMap":{"1":{"name":"create","line":5,"loc":{"start":{"line":5,"column":12},"end":{"line":5,"column":34}}},"2":{"name":"getUserByName","line":8,"loc":{"start":{"line":8,"column":19},"end":{"line":8,"column":48}}}},"statementMap":{"1":{"start":{"line":1,"column":0},"end":{"line":1,"column":40}},"2":{"start":{"line":3,"column":0},"end":{"line":11,"column":2}},"3":{"start":{"line":6,"column":8},"end":{"line":6,"column":40}},"4":{"start":{"line":9,"column":8},"end":{"line":9,"column":66}}},"branchMap":{}},"D:\\devspace\\nodeBlogOnLine\\lib\\mongo.js":{"path":"D:\\devspace\\nodeBlogOnLine\\lib\\mongo.js","s":{"1":1,"2":1,"3":1,"4":1,"5":1,"6":1,"7":1,"8":1,"9":1,"10":1,"11":1,"12":3,"13":1,"14":0,"15":0,"16":0,"17":1,"18":1,"19":1},"b":{"1":[0,0]},"f":{"1":1,"2":3,"3":0},"fnMap":{"1":{"name":"(anonymous_1)","line":28,"loc":{"start":{"line":28,"column":15},"end":{"line":28,"column":33}}},"2":{"name":"(anonymous_2)","line":29,"loc":{"start":{"line":29,"column":24},"end":{"line":29,"column":39}}},"3":{"name":"(anonymous_3)","line":34,"loc":{"start":{"line":34,"column":18},"end":{"line":34,"column":35}}}},"statementMap":{"1":{"start":{"line":1,"column":0},"end":{"line":1,"column":36}},"2":{"start":{"line":2,"column":0},"end":{"line":2,"column":37}},"3":{"start":{"line":3,"column":0},"end":{"line":3,"column":32}},"4":{"start":{"line":4,"column":0},"end":{"line":4,"column":31}},"5":{"start":{"line":5,"column":0},"end":{"line":5,"column":59}},"6":{"start":{"line":6,"column":0},"end":{"line":6,"column":34}},"7":{"start":{"line":8,"column":0},"end":{"line":14,"column":3}},"8":{"start":{"line":16,"column":0},"end":{"line":21,"column":3}},"9":{"start":{"line":24,"column":0},"end":{"line":24,"column":50}},"10":{"start":{"line":27,"column":0},"end":{"line":40,"column":3}},"11":{"start":{"line":29,"column":8},"end":{"line":31,"column":11}},"12":{"start":{"line":30,"column":12},"end":{"line":30,"column":95}},"13":{"start":{"line":32,"column":8},"end":{"line":32,"column":23}},"14":{"start":{"line":35,"column":8},"end":{"line":37,"column":9}},"15":{"start":{"line":36,"column":12},"end":{"line":36,"column":99}},"16":{"start":{"line":38,"column":8},"end":{"line":38,"column":22}},"17":{"start":{"line":42,"column":0},"end":{"line":42,"column":57}},"18":{"start":{"line":44,"column":0},"end":{"line":48,"column":3}},"19":{"start":{"line":50,"column":0},"end":{"line":50,"column":53}}},"branchMap":{"1":{"line":35,"type":"if","locations":[{"start":{"line":35,"column":8},"end":{"line":35,"column":8}},{"start":{"line":35,"column":8},"end":{"line":35,"column":8}}]}}},"D:\\devspace\\nodeBlogOnLine\\middlewares\\check.js":{"path":"D:\\devspace\\nodeBlogOnLine\\middlewares\\check.js","s":{"1":1,"2":0,"3":0,"4":0,"5":0,"6":6,"7":0,"8":0,"9":6},"b":{"1":[0,0],"2":[0,6]},"f":{"1":0,"2":6},"fnMap":{"1":{"name":"checkLogin","line":2,"loc":{"start":{"line":2,"column":16},"end":{"line":2,"column":52}}},"2":{"name":"checkNotLogin","line":10,"loc":{"start":{"line":10,"column":19},"end":{"line":10,"column":58}}}},"statementMap":{"1":{"start":{"line":1,"column":0},"end":{"line":17,"column":2}},"2":{"start":{"line":3,"column":8},"end":{"line":6,"column":9}},"3":{"start":{"line":4,"column":12},"end":{"line":4,"column":38}},"4":{"start":{"line":5,"column":12},"end":{"line":5,"column":43}},"5":{"start":{"line":7,"column":8},"end":{"line":7,"column":15}},"6":{"start":{"line":11,"column":8},"end":{"line":14,"column":9}},"7":{"start":{"line":12,"column":12},"end":{"line":12,"column":38}},"8":{"start":{"line":13,"column":12},"end":{"line":13,"column":40}},"9":{"start":{"line":15,"column":8},"end":{"line":15,"column":15}}},"branchMap":{"1":{"line":3,"type":"if","locations":[{"start":{"line":3,"column":8},"end":{"line":3,"column":8}},{"start":{"line":3,"column":8},"end":{"line":3,"column":8}}]},"2":{"line":11,"type":"if","locations":[{"start":{"line":11,"column":8},"end":{"line":11,"column":8}},{"start":{"line":11,"column":8},"end":{"line":11,"column":8}}]}}},"D:\\devspace\\nodeBlogOnLine\\routes\\signin.js":{"path":"D:\\devspace\\nodeBlogOnLine\\routes\\signin.js","s":{"1":1,"2":1,"3":1,"4":1,"5":1,"6":1,"7":0,"8":1,"9":0,"10":0,"11":0,"12":0,"13":0,"14":0,"15":0,"16":0,"17":0,"18":0,"19":0,"20":0,"21":0,"22":0,"23":0,"24":0,"25":0,"26":0,"27":0,"28":1},"b":{"1":[0,0],"2":[0,0],"3":[0,0],"4":[0,0]},"f":{"1":0,"2":0,"3":0},"fnMap":{"1":{"name":"(anonymous_1)","line":9,"loc":{"start":{"line":9,"column":31},"end":{"line":9,"column":56}}},"2":{"name":"(anonymous_2)","line":15,"loc":{"start":{"line":15,"column":32},"end":{"line":15,"column":57}}},"3":{"name":"(anonymous_3)","line":21,"loc":{"start":{"line":21,"column":39},"end":{"line":21,"column":54}}}},"statementMap":{"1":{"start":{"line":1,"column":0},"end":{"line":1,"column":27}},"2":{"start":{"line":2,"column":0},"end":{"line":2,"column":33}},"3":{"start":{"line":3,"column":0},"end":{"line":3,"column":30}},"4":{"start":{"line":5,"column":0},"end":{"line":5,"column":43}},"5":{"start":{"line":6,"column":0},"end":{"line":6,"column":66}},"6":{"start":{"line":9,"column":0},"end":{"line":12,"column":3}},"7":{"start":{"line":11,"column":4},"end":{"line":11,"column":25}},"8":{"start":{"line":15,"column":0},"end":{"line":48,"column":3}},"9":{"start":{"line":17,"column":4},"end":{"line":17,"column":31}},"10":{"start":{"line":18,"column":4},"end":{"line":18,"column":39}},"11":{"start":{"line":19,"column":4},"end":{"line":19,"column":30}},"12":{"start":{"line":21,"column":4},"end":{"line":37,"column":7}},"13":{"start":{"line":22,"column":8},"end":{"line":25,"column":9}},"14":{"start":{"line":23,"column":12},"end":{"line":23,"column":40}},"15":{"start":{"line":24,"column":12},"end":{"line":24,"column":40}},"16":{"start":{"line":27,"column":8},"end":{"line":30,"column":9}},"17":{"start":{"line":28,"column":12},"end":{"line":28,"column":39}},"18":{"start":{"line":29,"column":12},"end":{"line":29,"column":40}},"19":{"start":{"line":32,"column":8},"end":{"line":32,"column":37}},"20":{"start":{"line":34,"column":8},"end":{"line":34,"column":29}},"21":{"start":{"line":35,"column":8},"end":{"line":35,"column":32}},"22":{"start":{"line":36,"column":8},"end":{"line":36,"column":38}},"23":{"start":{"line":40,"column":4},"end":{"line":47,"column":5}},"24":{"start":{"line":41,"column":8},"end":{"line":43,"column":9}},"25":{"start":{"line":42,"column":12},"end":{"line":42,"column":67}},"26":{"start":{"line":45,"column":8},"end":{"line":45,"column":38}},"27":{"start":{"line":46,"column":8},"end":{"line":46,"column":32}},"28":{"start":{"line":50,"column":0},"end":{"line":50,"column":24}}},"branchMap":{"1":{"line":22,"type":"if","locations":[{"start":{"line":22,"column":8},"end":{"line":22,"column":8}},{"start":{"line":22,"column":8},"end":{"line":22,"column":8}}]},"2":{"line":27,"type":"if","locations":[{"start":{"line":27,"column":8},"end":{"line":27,"column":8}},{"start":{"line":27,"column":8},"end":{"line":27,"column":8}}]},"3":{"line":41,"type":"if","locations":[{"start":{"line":41,"column":8},"end":{"line":41,"column":8}},{"start":{"line":41,"column":8},"end":{"line":41,"column":8}}]},"4":{"line":41,"type":"binary-expr","locations":[{"start":{"line":41,"column":12},"end":{"line":41,"column":23}},{"start":{"line":41,"column":27},"end":{"line":41,"column":42}}]}}},"D:\\devspace\\nodeBlogOnLine\\routes\\signout.js":{"path":"D:\\devspace\\nodeBlogOnLine\\routes\\signout.js","s":{"1":1,"2":1,"3":1,"4":1,"5":0,"6":0,"7":0,"8":1},"b":{},"f":{"1":0},"fnMap":{"1":{"name":"(anonymous_1)","line":7,"loc":{"start":{"line":7,"column":28},"end":{"line":7,"column":53}}}},"statementMap":{"1":{"start":{"line":1,"column":0},"end":{"line":1,"column":33}},"2":{"start":{"line":2,"column":0},"end":{"line":2,"column":30}},"3":{"start":{"line":4,"column":0},"end":{"line":4,"column":60}},"4":{"start":{"line":7,"column":0},"end":{"line":13,"column":3}},"5":{"start":{"line":9,"column":4},"end":{"line":9,"column":28}},"6":{"start":{"line":10,"column":4},"end":{"line":10,"column":44}},"7":{"start":{"line":12,"column":4},"end":{"line":12,"column":27}},"8":{"start":{"line":15,"column":0},"end":{"line":15,"column":24}}},"branchMap":{}},"D:\\devspace\\nodeBlogOnLine\\routes\\posts.js":{"path":"D:\\devspace\\nodeBlogOnLine\\routes\\posts.js","s":{"1":1,"2":1,"3":1,"4":1,"5":1,"6":1,"7":1,"8":1,"9":1,"10":1,"11":0,"12":0,"13":0,"14":0,"15":0,"16":0,"17":0,"18":0,"19":0,"20":0,"21":0,"22":0,"23":0,"24":0,"25":0,"26":0,"27":1,"28":0,"29":1,"30":0,"31":0,"32":0,"33":0,"34":0,"35":0,"36":0,"37":0,"38":0,"39":0,"40":1,"41":0,"42":0,"43":0,"44":0,"45":1,"46":0,"47":0,"48":0,"49":0,"50":0,"51":0,"52":0,"53":0,"54":1,"55":0,"56":0,"57":0,"58":0,"59":0,"60":1,"61":0,"62":0,"63":0,"64":0,"65":1,"66":0,"67":0,"68":0,"69":0,"70":0,"71":1},"b":{"1":[0,0],"2":[0,0],"3":[0,0],"4":[0,0]},"f":{"1":1,"2":1,"3":0,"4":0,"5":0,"6":0,"7":0,"8":0,"9":0,"10":0,"11":0,"12":0,"13":0,"14":0,"15":0,"16":0,"17":0},"fnMap":{"1":{"name":"(anonymous_1)","line":11,"loc":{"start":{"line":11,"column":16},"end":{"line":11,"column":41}}},"2":{"name":"(anonymous_2)","line":29,"loc":{"start":{"line":29,"column":14},"end":{"line":29,"column":31}}},"3":{"name":"(anonymous_3)","line":38,"loc":{"start":{"line":38,"column":29},"end":{"line":38,"column":54}}},"4":{"name":"(anonymous_4)","line":65,"loc":{"start":{"line":65,"column":32},"end":{"line":65,"column":49}}},"5":{"name":"(anonymous_5)","line":73,"loc":{"start":{"line":73,"column":34},"end":{"line":73,"column":59}}},"6":{"name":"(anonymous_6)","line":78,"loc":{"start":{"line":78,"column":23},"end":{"line":78,"column":48}}},"7":{"name":"(anonymous_7)","line":89,"loc":{"start":{"line":89,"column":10},"end":{"line":89,"column":28}}},"8":{"name":"(anonymous_8)","line":110,"loc":{"start":{"line":110,"column":40},"end":{"line":110,"column":65}}},"9":{"name":"(anonymous_9)","line":113,"loc":{"start":{"line":113,"column":45},"end":{"line":113,"column":62}}},"10":{"name":"(anonymous_10)","line":123,"loc":{"start":{"line":123,"column":41},"end":{"line":123,"column":66}}},"11":{"name":"(anonymous_11)","line":133,"loc":{"start":{"line":133,"column":12},"end":{"line":133,"column":29}}},"12":{"name":"(anonymous_12)","line":141,"loc":{"start":{"line":141,"column":42},"end":{"line":141,"column":67}}},"13":{"name":"(anonymous_13)","line":144,"loc":{"start":{"line":144,"column":50},"end":{"line":144,"column":67}}},"14":{"name":"(anonymous_14)","line":151,"loc":{"start":{"line":151,"column":44},"end":{"line":151,"column":69}}},"15":{"name":"(anonymous_15)","line":160,"loc":{"start":{"line":160,"column":38},"end":{"line":160,"column":55}}},"16":{"name":"(anonymous_16)","line":167,"loc":{"start":{"line":167,"column":61},"end":{"line":167,"column":86}}},"17":{"name":"(anonymous_17)","line":173,"loc":{"start":{"line":173,"column":10},"end":{"line":173,"column":28}}}},"statementMap":{"1":{"start":{"line":1,"column":0},"end":{"line":1,"column":33}},"2":{"start":{"line":2,"column":0},"end":{"line":2,"column":30}},"3":{"start":{"line":4,"column":0},"end":{"line":4,"column":60}},"4":{"start":{"line":5,"column":0},"end":{"line":5,"column":43}},"5":{"start":{"line":6,"column":0},"end":{"line":6,"column":48}},"6":{"start":{"line":11,"column":0},"end":{"line":35,"column":3}},"7":{"start":{"line":26,"column":4},"end":{"line":26,"column":34}},"8":{"start":{"line":28,"column":4},"end":{"line":34,"column":21}},"9":{"start":{"line":30,"column":12},"end":{"line":32,"column":15}},"10":{"start":{"line":38,"column":0},"end":{"line":70,"column":3}},"11":{"start":{"line":39,"column":4},"end":{"line":39,"column":29}},"12":{"start":{"line":41,"column":4},"end":{"line":41,"column":38}},"13":{"start":{"line":42,"column":4},"end":{"line":42,"column":33}},"14":{"start":{"line":43,"column":4},"end":{"line":43,"column":37}},"15":{"start":{"line":45,"column":4},"end":{"line":56,"column":5}},"16":{"start":{"line":46,"column":8},"end":{"line":48,"column":9}},"17":{"start":{"line":47,"column":12},"end":{"line":47,"column":38}},"18":{"start":{"line":50,"column":8},"end":{"line":52,"column":9}},"19":{"start":{"line":51,"column":12},"end":{"line":51,"column":38}},"20":{"start":{"line":54,"column":8},"end":{"line":54,"column":38}},"21":{"start":{"line":55,"column":8},"end":{"line":55,"column":29}},"22":{"start":{"line":58,"column":4},"end":{"line":63,"column":6}},"23":{"start":{"line":65,"column":4},"end":{"line":69,"column":19}},"24":{"start":{"line":66,"column":8},"end":{"line":66,"column":29}},"25":{"start":{"line":67,"column":8},"end":{"line":67,"column":37}},"26":{"start":{"line":68,"column":8},"end":{"line":68,"column":43}},"27":{"start":{"line":73,"column":0},"end":{"line":75,"column":3}},"28":{"start":{"line":74,"column":4},"end":{"line":74,"column":25}},"29":{"start":{"line":78,"column":0},"end":{"line":107,"column":3}},"30":{"start":{"line":79,"column":4},"end":{"line":79,"column":35}},"31":{"start":{"line":83,"column":4},"end":{"line":83,"column":55}},"32":{"start":{"line":84,"column":4},"end":{"line":106,"column":17}},"33":{"start":{"line":91,"column":8},"end":{"line":91,"column":29}},"34":{"start":{"line":92,"column":8},"end":{"line":92,"column":26}},"35":{"start":{"line":93,"column":8},"end":{"line":95,"column":9}},"36":{"start":{"line":94,"column":12},"end":{"line":94,"column":33}},"37":{"start":{"line":97,"column":8},"end":{"line":99,"column":9}},"38":{"start":{"line":98,"column":10},"end":{"line":98,"column":36}},"39":{"start":{"line":101,"column":8},"end":{"line":104,"column":11}},"40":{"start":{"line":110,"column":0},"end":{"line":120,"column":3}},"41":{"start":{"line":111,"column":4},"end":{"line":111,"column":35}},"42":{"start":{"line":113,"column":4},"end":{"line":119,"column":19}},"43":{"start":{"line":114,"column":8},"end":{"line":114,"column":26}},"44":{"start":{"line":116,"column":8},"end":{"line":118,"column":11}},"45":{"start":{"line":123,"column":0},"end":{"line":138,"column":3}},"46":{"start":{"line":124,"column":4},"end":{"line":124,"column":29}},"47":{"start":{"line":125,"column":4},"end":{"line":125,"column":35}},"48":{"start":{"line":126,"column":4},"end":{"line":126,"column":38}},"49":{"start":{"line":127,"column":4},"end":{"line":127,"column":33}},"50":{"start":{"line":128,"column":4},"end":{"line":128,"column":37}},"51":{"start":{"line":130,"column":4},"end":{"line":137,"column":19}},"52":{"start":{"line":135,"column":8},"end":{"line":135,"column":37}},"53":{"start":{"line":136,"column":8},"end":{"line":136,"column":41}},"54":{"start":{"line":141,"column":0},"end":{"line":148,"column":3}},"55":{"start":{"line":142,"column":4},"end":{"line":142,"column":35}},"56":{"start":{"line":143,"column":4},"end":{"line":143,"column":38}},"57":{"start":{"line":144,"column":4},"end":{"line":147,"column":7}},"58":{"start":{"line":145,"column":8},"end":{"line":145,"column":69}},"59":{"start":{"line":146,"column":8},"end":{"line":146,"column":31}},"60":{"start":{"line":151,"column":0},"end":{"line":164,"column":3}},"61":{"start":{"line":154,"column":4},"end":{"line":158,"column":6}},"62":{"start":{"line":160,"column":4},"end":{"line":163,"column":7}},"63":{"start":{"line":161,"column":8},"end":{"line":161,"column":37}},"64":{"start":{"line":162,"column":8},"end":{"line":162,"column":29}},"65":{"start":{"line":167,"column":0},"end":{"line":177,"column":3}},"66":{"start":{"line":169,"column":4},"end":{"line":169,"column":41}},"67":{"start":{"line":170,"column":4},"end":{"line":170,"column":35}},"68":{"start":{"line":172,"column":4},"end":{"line":176,"column":19}},"69":{"start":{"line":174,"column":8},"end":{"line":174,"column":39}},"70":{"start":{"line":175,"column":8},"end":{"line":175,"column":29}},"71":{"start":{"line":179,"column":0},"end":{"line":179,"column":24}}},"branchMap":{"1":{"line":46,"type":"if","locations":[{"start":{"line":46,"column":8},"end":{"line":46,"column":8}},{"start":{"line":46,"column":8},"end":{"line":46,"column":8}}]},"2":{"line":50,"type":"if","locations":[{"start":{"line":50,"column":8},"end":{"line":50,"column":8}},{"start":{"line":50,"column":8},"end":{"line":50,"column":8}}]},"3":{"line":93,"type":"if","locations":[{"start":{"line":93,"column":8},"end":{"line":93,"column":8}},{"start":{"line":93,"column":8},"end":{"line":93,"column":8}}]},"4":{"line":97,"type":"if","locations":[{"start":{"line":97,"column":8},"end":{"line":97,"column":8}},{"start":{"line":97,"column":8},"end":{"line":97,"column":8}}]}}},"D:\\devspace\\nodeBlogOnLine\\models\\posts.js":{"path":"D:\\devspace\\nodeBlogOnLine\\models\\posts.js","s":{"1":1,"2":1,"3":1,"4":1,"5":1,"6":3,"7":3,"8":3,"9":0,"10":0,"11":0,"12":0,"13":0,"14":1,"15":1,"16":3,"17":3,"18":0,"19":0,"20":0,"21":1,"22":0,"23":0,"24":0,"25":1,"26":1,"27":0,"28":1,"29":0,"30":0,"31":0,"32":0},"b":{"1":[0,0],"2":[0,0],"3":[0,1]},"f":{"1":1,"2":3,"3":3,"4":0,"5":0,"6":1,"7":3,"8":0,"9":0,"10":0,"11":0,"12":1,"13":0,"14":0,"15":0,"16":0},"fnMap":{"1":{"name":"(anonymous_1)","line":7,"loc":{"start":{"line":7,"column":13},"end":{"line":7,"column":30}}},"2":{"name":"(anonymous_2)","line":8,"loc":{"start":{"line":8,"column":33},"end":{"line":8,"column":49}}},"3":{"name":"(anonymous_3)","line":9,"loc":{"start":{"line":9,"column":66},"end":{"line":9,"column":91}}},"4":{"name":"(anonymous_4)","line":16,"loc":{"start":{"line":16,"column":16},"end":{"line":16,"column":32}}},"5":{"name":"(anonymous_5)","line":18,"loc":{"start":{"line":18,"column":66},"end":{"line":18,"column":83}}},"6":{"name":"(anonymous_6)","line":29,"loc":{"start":{"line":29,"column":15},"end":{"line":29,"column":31}}},"7":{"name":"(anonymous_7)","line":30,"loc":{"start":{"line":30,"column":25},"end":{"line":30,"column":40}}},"8":{"name":"(anonymous_8)","line":35,"loc":{"start":{"line":35,"column":18},"end":{"line":35,"column":33}}},"9":{"name":"create","line":45,"loc":{"start":{"line":45,"column":12},"end":{"line":45,"column":35}}},"10":{"name":"getPostByName","line":48,"loc":{"start":{"line":48,"column":19},"end":{"line":48,"column":48}}},"11":{"name":"getPostById","line":51,"loc":{"start":{"line":51,"column":17},"end":{"line":51,"column":46}}},"12":{"name":"getPosts","line":58,"loc":{"start":{"line":58,"column":14},"end":{"line":58,"column":40}}},"13":{"name":"incPv","line":72,"loc":{"start":{"line":72,"column":11},"end":{"line":72,"column":34}}},"14":{"name":"removePostById","line":76,"loc":{"start":{"line":76,"column":20},"end":{"line":76,"column":60}}},"15":{"name":"updatePostById","line":79,"loc":{"start":{"line":79,"column":20},"end":{"line":79,"column":66}}},"16":{"name":"getOriContentById","line":82,"loc":{"start":{"line":82,"column":23},"end":{"line":82,"column":58}}}},"statementMap":{"1":{"start":{"line":1,"column":0},"end":{"line":1,"column":40}},"2":{"start":{"line":2,"column":0},"end":{"line":2,"column":40}},"3":{"start":{"line":3,"column":0},"end":{"line":3,"column":31}},"4":{"start":{"line":6,"column":0},"end":{"line":26,"column":3}},"5":{"start":{"line":8,"column":4},"end":{"line":14,"column":8}},"6":{"start":{"line":9,"column":6},"end":{"line":13,"column":9}},"7":{"start":{"line":11,"column":8},"end":{"line":11,"column":43}},"8":{"start":{"line":12,"column":8},"end":{"line":12,"column":20}},"9":{"start":{"line":17,"column":4},"end":{"line":23,"column":5}},"10":{"start":{"line":18,"column":6},"end":{"line":22,"column":9}},"11":{"start":{"line":20,"column":8},"end":{"line":20,"column":35}},"12":{"start":{"line":21,"column":8},"end":{"line":21,"column":20}},"13":{"start":{"line":24,"column":4},"end":{"line":24,"column":16}},"14":{"start":{"line":28,"column":0},"end":{"line":41,"column":3}},"15":{"start":{"line":30,"column":8},"end":{"line":33,"column":11}},"16":{"start":{"line":31,"column":12},"end":{"line":31,"column":48}},"17":{"start":{"line":32,"column":12},"end":{"line":32,"column":24}},"18":{"start":{"line":36,"column":8},"end":{"line":38,"column":9}},"19":{"start":{"line":37,"column":12},"end":{"line":37,"column":48}},"20":{"start":{"line":39,"column":8},"end":{"line":39,"column":20}},"21":{"start":{"line":43,"column":0},"end":{"line":85,"column":2}},"22":{"start":{"line":46,"column":8},"end":{"line":46,"column":41}},"23":{"start":{"line":49,"column":8},"end":{"line":49,"column":51}},"24":{"start":{"line":52,"column":8},"end":{"line":56,"column":20}},"25":{"start":{"line":59,"column":8},"end":{"line":59,"column":23}},"26":{"start":{"line":60,"column":8},"end":{"line":62,"column":9}},"27":{"start":{"line":61,"column":12},"end":{"line":61,"column":34}},"28":{"start":{"line":64,"column":8},"end":{"line":70,"column":20}},"29":{"start":{"line":73,"column":8},"end":{"line":74,"column":20}},"30":{"start":{"line":77,"column":8},"end":{"line":77,"column":65}},"31":{"start":{"line":80,"column":8},"end":{"line":80,"column":79}},"32":{"start":{"line":83,"column":8},"end":{"line":83,"column":50}}},"branchMap":{"1":{"line":17,"type":"if","locations":[{"start":{"line":17,"column":4},"end":{"line":17,"column":4}},{"start":{"line":17,"column":4},"end":{"line":17,"column":4}}]},"2":{"line":36,"type":"if","locations":[{"start":{"line":36,"column":8},"end":{"line":36,"column":8}},{"start":{"line":36,"column":8},"end":{"line":36,"column":8}}]},"3":{"line":60,"type":"if","locations":[{"start":{"line":60,"column":8},"end":{"line":60,"column":8}},{"start":{"line":60,"column":8},"end":{"line":60,"column":8}}]}}},"D:\\devspace\\nodeBlogOnLine\\models\\comment.js":{"path":"D:\\devspace\\nodeBlogOnLine\\models\\comment.js","s":{"1":1,"2":1,"3":1,"4":0,"5":0,"6":0,"7":1,"8":0,"9":0,"10":3,"11":3,"12":0},"b":{},"f":{"1":0,"2":0,"3":0,"4":0,"5":3,"6":0},"fnMap":{"1":{"name":"(anonymous_1)","line":6,"loc":{"start":{"line":6,"column":13},"end":{"line":6,"column":33}}},"2":{"name":"(anonymous_2)","line":7,"loc":{"start":{"line":7,"column":24},"end":{"line":7,"column":43}}},"3":{"name":"create","line":15,"loc":{"start":{"line":15,"column":12},"end":{"line":15,"column":37}}},"4":{"name":"getCommentByPostId","line":18,"loc":{"start":{"line":18,"column":24},"end":{"line":18,"column":60}}},"5":{"name":"getCommentCountsByPostId","line":27,"loc":{"start":{"line":27,"column":30},"end":{"line":27,"column":72}}},"6":{"name":"remove","line":32,"loc":{"start":{"line":32,"column":12},"end":{"line":32,"column":47}}}},"statementMap":{"1":{"start":{"line":1,"column":0},"end":{"line":1,"column":46}},"2":{"start":{"line":2,"column":0},"end":{"line":2,"column":31}},"3":{"start":{"line":5,"column":0},"end":{"line":12,"column":3}},"4":{"start":{"line":7,"column":4},"end":{"line":10,"column":7}},"5":{"start":{"line":8,"column":6},"end":{"line":8,"column":48}},"6":{"start":{"line":9,"column":6},"end":{"line":9,"column":21}},"7":{"start":{"line":14,"column":0},"end":{"line":38,"column":2}},"8":{"start":{"line":16,"column":8},"end":{"line":16,"column":46}},"9":{"start":{"line":19,"column":8},"end":{"line":25,"column":16}},"10":{"start":{"line":28,"column":8},"end":{"line":28,"column":57}},"11":{"start":{"line":30,"column":8},"end":{"line":30,"column":19}},"12":{"start":{"line":33,"column":8},"end":{"line":36,"column":18}}},"branchMap":{}}}