TN:
SF:D:\devspace\nodeBlogOnLine\index.js
FN:50,(anonymous_1)
FN:85,(anonymous_2)
FN:99,(anonymous_3)
FNF:3
FNH:2
FNDA:7,(anonymous_1)
FNDA:1,(anonymous_2)
FNDA:0,(anonymous_3)
DA:1,1
DA:2,1
DA:3,1
DA:4,1
DA:5,1
DA:6,1
DA:7,1
DA:8,1
DA:9,1
DA:10,1
DA:12,1
DA:15,1
DA:17,1
DA:20,1
DA:22,1
DA:35,1
DA:38,1
DA:44,1
DA:50,1
DA:51,7
DA:52,7
DA:53,7
DA:54,7
DA:58,1
DA:70,1
DA:72,1
DA:85,1
DA:86,1
DA:89,1
DA:93,1
DA:96,1
DA:97,1
DA:99,0
DA:100,0
LF:34
LH:32
BRDA:96,1,0,1
BRDA:96,1,1,0
BRF:2
BRH:1
end_of_record
TN:
SF:D:\devspace\nodeBlogOnLine\config\default.js
FNF:0
FNH:0
DA:1,1
LF:1
LH:1
BRF:0
BRH:0
end_of_record
TN:
SF:D:\devspace\nodeBlogOnLine\routes\index.js
FN:1,(anonymous_1)
FN:2,(anonymous_2)
FN:10,(anonymous_3)
FNF:3
FNH:2
FNDA:1,(anonymous_1)
FNDA:0,(anonymous_2)
FNDA:5,(anonymous_3)
DA:1,1
DA:2,1
DA:3,0
DA:5,1
DA:6,1
DA:7,1
DA:8,1
DA:10,1
DA:11,5
DA:12,0
LF:10
LH:8
BRDA:11,1,0,0
BRDA:11,1,1,5
BRF:2
BRH:1
end_of_record
TN:
SF:D:\devspace\nodeBlogOnLine\routes\signup.js
FN:12,(anonymous_1)
FN:18,(anonymous_2)
FN:70,(anonymous_3)
FN:80,(anonymous_4)
FNF:4
FNH:4
FNDA:2,(anonymous_1)
FNDA:4,(anonymous_2)
FNDA:1,(anonymous_3)
FNDA:1,(anonymous_4)
DA:1,1
DA:2,1
DA:4,1
DA:5,1
DA:6,1
DA:8,1
DA:9,1
DA:12,1
DA:14,2
DA:18,1
DA:23,4
DA:24,4
DA:25,4
DA:26,4
DA:28,4
DA:29,4
DA:30,4
DA:32,4
DA:33,4
DA:34,1
DA:36,3
DA:37,1
DA:39,2
DA:40,0
DA:42,2
DA:43,0
DA:45,2
DA:46,0
DA:48,2
DA:49,0
DA:51,2
DA:53,2
DA:54,2
DA:55,2
DA:56,2
DA:60,2
DA:62,2
DA:70,2
DA:72,1
DA:74,1
DA:75,1
DA:77,1
DA:79,1
DA:82,1
DA:84,1
DA:85,0
DA:88,1
DA:98,1
LF:48
LH:43
BRDA:33,1,0,1
BRDA:33,1,1,3
BRDA:33,2,0,4
BRDA:33,2,1,4
BRDA:36,3,0,1
BRDA:36,3,1,2
BRDA:39,4,0,0
BRDA:39,4,1,2
BRDA:42,5,0,0
BRDA:42,5,1,2
BRDA:42,6,0,2
BRDA:42,6,1,2
BRDA:45,7,0,0
BRDA:45,7,1,2
BRDA:48,8,0,0
BRDA:48,8,1,2
BRDA:48,9,0,2
BRDA:48,9,1,2
BRDA:84,10,0,0
BRDA:84,10,1,1
BRF:20
BRH:15
end_of_record
TN:
SF:D:\devspace\nodeBlogOnLine\models\users.js
FN:5,create
FN:8,getUserByName
FNF:2
FNH:1
FNDA:2,create
FNDA:0,getUserByName
DA:1,1
DA:3,1
DA:6,2
DA:9,0
LF:4
LH:3
BRF:0
BRH:0
end_of_record
TN:
SF:D:\devspace\nodeBlogOnLine\lib\mongo.js
FN:28,(anonymous_1)
FN:29,(anonymous_2)
FN:34,(anonymous_3)
FNF:3
FNH:2
FNDA:1,(anonymous_1)
FNDA:3,(anonymous_2)
FNDA:0,(anonymous_3)
DA:1,1
DA:2,1
DA:3,1
DA:4,1
DA:5,1
DA:6,1
DA:8,1
DA:16,1
DA:24,1
DA:27,1
DA:29,1
DA:30,3
DA:32,1
DA:35,0
DA:36,0
DA:38,0
DA:42,1
DA:44,1
DA:50,1
LF:19
LH:16
BRDA:35,1,0,0
BRDA:35,1,1,0
BRF:2
BRH:0
end_of_record
TN:
SF:D:\devspace\nodeBlogOnLine\middlewares\check.js
FN:2,checkLogin
FN:10,checkNotLogin
FNF:2
FNH:1
FNDA:0,checkLogin
FNDA:6,checkNotLogin
DA:1,1
DA:3,0
DA:4,0
DA:5,0
DA:7,0
DA:11,6
DA:12,0
DA:13,0
DA:15,6
LF:9
LH:3
BRDA:3,1,0,0
BRDA:3,1,1,0
BRDA:11,2,0,0
BRDA:11,2,1,6
BRF:4
BRH:1
end_of_record
TN:
SF:D:\devspace\nodeBlogOnLine\routes\signin.js
FN:9,(anonymous_1)
FN:15,(anonymous_2)
FN:21,(anonymous_3)
FNF:3
FNH:0
FNDA:0,(anonymous_1)
FNDA:0,(anonymous_2)
FNDA:0,(anonymous_3)
DA:1,1
DA:2,1
DA:3,1
DA:5,1
DA:6,1
DA:9,1
DA:11,0
DA:15,1
DA:17,0
DA:18,0
DA:19,0
DA:21,0
DA:22,0
DA:23,0
DA:24,0
DA:27,0
DA:28,0
DA:29,0
DA:32,0
DA:34,0
DA:35,0
DA:36,0
DA:40,0
DA:41,0
DA:42,0
DA:45,0
DA:46,0
DA:50,1
LF:28
LH:8
BRDA:22,1,0,0
BRDA:22,1,1,0
BRDA:27,2,0,0
BRDA:27,2,1,0
BRDA:41,3,0,0
BRDA:41,3,1,0
BRDA:41,4,0,0
BRDA:41,4,1,0
BRF:8
BRH:0
end_of_record
TN:
SF:D:\devspace\nodeBlogOnLine\routes\signout.js
FN:7,(anonymous_1)
FNF:1
FNH:0
FNDA:0,(anonymous_1)
DA:1,1
DA:2,1
DA:4,1
DA:7,1
DA:9,0
DA:10,0
DA:12,0
DA:15,1
LF:8
LH:5
BRF:0
BRH:0
end_of_record
TN:
SF:D:\devspace\nodeBlogOnLine\routes\posts.js
FN:11,(anonymous_1)
FN:29,(anonymous_2)
FN:38,(anonymous_3)
FN:65,(anonymous_4)
FN:73,(anonymous_5)
FN:78,(anonymous_6)
FN:89,(anonymous_7)
FN:110,(anonymous_8)
FN:113,(anonymous_9)
FN:123,(anonymous_10)
FN:133,(anonymous_11)
FN:141,(anonymous_12)
FN:144,(anonymous_13)
FN:151,(anonymous_14)
FN:160,(anonymous_15)
FN:167,(anonymous_16)
FN:173,(anonymous_17)
FNF:17
FNH:2
FNDA:1,(anonymous_1)
FNDA:1,(anonymous_2)
FNDA:0,(anonymous_3)
FNDA:0,(anonymous_4)
FNDA:0,(anonymous_5)
FNDA:0,(anonymous_6)
FNDA:0,(anonymous_7)
FNDA:0,(anonymous_8)
FNDA:0,(anonymous_9)
FNDA:0,(anonymous_10)
FNDA:0,(anonymous_11)
FNDA:0,(anonymous_12)
FNDA:0,(anonymous_13)
FNDA:0,(anonymous_14)
FNDA:0,(anonymous_15)
FNDA:0,(anonymous_16)
FNDA:0,(anonymous_17)
DA:1,1
DA:2,1
DA:4,1
DA:5,1
DA:6,1
DA:11,1
DA:26,1
DA:28,1
DA:30,1
DA:38,1
DA:39,0
DA:41,0
DA:42,0
DA:43,0
DA:45,0
DA:46,0
DA:47,0
DA:50,0
DA:51,0
DA:54,0
DA:55,0
DA:58,0
DA:65,0
DA:66,0
DA:67,0
DA:68,0
DA:73,1
DA:74,0
DA:78,1
DA:79,0
DA:83,0
DA:84,0
DA:91,0
DA:92,0
DA:93,0
DA:94,0
DA:97,0
DA:98,0
DA:101,0
DA:110,1
DA:111,0
DA:113,0
DA:114,0
DA:116,0
DA:123,1
DA:124,0
DA:125,0
DA:126,0
DA:127,0
DA:128,0
DA:130,0
DA:135,0
DA:136,0
DA:141,1
DA:142,0
DA:143,0
DA:144,0
DA:145,0
DA:146,0
DA:151,1
DA:154,0
DA:160,0
DA:161,0
DA:162,0
DA:167,1
DA:169,0
DA:170,0
DA:172,0
DA:174,0
DA:175,0
DA:179,1
LF:71
LH:18
BRDA:46,1,0,0
BRDA:46,1,1,0
BRDA:50,2,0,0
BRDA:50,2,1,0
BRDA:93,3,0,0
BRDA:93,3,1,0
BRDA:97,4,0,0
BRDA:97,4,1,0
BRF:8
BRH:0
end_of_record
TN:
SF:D:\devspace\nodeBlogOnLine\models\posts.js
FN:7,(anonymous_1)
FN:8,(anonymous_2)
FN:9,(anonymous_3)
FN:16,(anonymous_4)
FN:18,(anonymous_5)
FN:29,(anonymous_6)
FN:30,(anonymous_7)
FN:35,(anonymous_8)
FN:45,create
FN:48,getPostByName
FN:51,getPostById
FN:58,getPosts
FN:72,incPv
FN:76,removePostById
FN:79,updatePostById
FN:82,getOriContentById
FNF:16
FNH:6
FNDA:1,(anonymous_1)
FNDA:3,(anonymous_2)
FNDA:3,(anonymous_3)
FNDA:0,(anonymous_4)
FNDA:0,(anonymous_5)
FNDA:1,(anonymous_6)
FNDA:3,(anonymous_7)
FNDA:0,(anonymous_8)
FNDA:0,create
FNDA:0,getPostByName
FNDA:0,getPostById
FNDA:1,getPosts
FNDA:0,incPv
FNDA:0,removePostById
FNDA:0,updatePostById
FNDA:0,getOriContentById
DA:1,1
DA:2,1
DA:3,1
DA:6,1
DA:8,1
DA:9,3
DA:11,3
DA:12,3
DA:17,0
DA:18,0
DA:20,0
DA:21,0
DA:24,0
DA:28,1
DA:30,1
DA:31,3
DA:32,3
DA:36,0
DA:37,0
DA:39,0
DA:43,1
DA:46,0
DA:49,0
DA:52,0
DA:59,1
DA:60,1
DA:61,0
DA:64,1
DA:73,0
DA:77,0
DA:80,0
DA:83,0
LF:32
LH:16
BRDA:17,1,0,0
BRDA:17,1,1,0
BRDA:36,2,0,0
BRDA:36,2,1,0
BRDA:60,3,0,0
BRDA:60,3,1,1
BRF:6
BRH:1
end_of_record
TN:
SF:D:\devspace\nodeBlogOnLine\models\comment.js
FN:6,(anonymous_1)
FN:7,(anonymous_2)
FN:15,create
FN:18,getCommentByPostId
FN:27,getCommentCountsByPostId
FN:32,remove
FNF:6
FNH:1
FNDA:0,(anonymous_1)
FNDA:0,(anonymous_2)
FNDA:0,create
FNDA:0,getCommentByPostId
FNDA:3,getCommentCountsByPostId
FNDA:0,remove
DA:1,1
DA:2,1
DA:5,1
DA:7,0
DA:8,0
DA:9,0
DA:14,1
DA:16,0
DA:19,0
DA:28,3
DA:30,3
DA:33,0
LF:12
LH:6
BRF:0
BRH:0
end_of_record
